<?xml version="1.0" encoding="utf-8"?><testsuites name="pytest tests"><testsuite name="pytest" errors="0" failures="0" skipped="0" tests="20" time="4.966" timestamp="2026-06-27T10:06:33.295390+00:00" hostname="agent-env-f9a128f3-4c2c-455c-a1f8-e06f35fe1505"><testcase classname="backend.tests.test_campus_chat_api.TestHealth" name="test_root" time="0.229" /><testcase classname="backend.tests.test_campus_chat_api.TestHealth" name="test_colleges" time="0.110" /><testcase classname="backend.tests.test_campus_chat_api.TestAuth" name="test_signup_valid_upes" time="0.317" /><testcase classname="backend.tests.test_campus_chat_api.TestAuth" name="test_signup_invalid_domain" time="0.095" /><testcase classname="backend.tests.test_campus_chat_api.TestAuth" name="test_signup_duplicate" time="0.360" /><testcase classname="backend.tests.test_campus_chat_api.TestAuth" name="test_login_success" time="0.694" /><testcase classname="backend.tests.test_campus_chat_api.TestAuth" name="test_login_wrong_password" time="0.345" /><testcase classname="backend.tests.test_campus_chat_api.TestAuth" name="test_me_endpoint" time="0.091" /><testcase classname="backend.tests.test_campus_chat_api.TestAuth" name="test_me_no_token" time="0.097" /><testcase classname="backend.tests.test_campus_chat_api.TestProfile" name="test_update_profile" time="0.165" /><testcase classname="backend.tests.test_campus_chat_api.TestProfile" name="test_randomize_username" time="0.102" /><testcase classname="backend.tests.test_campus_chat_api.TestUserSearch" name="test_search_excludes_self" time="0.468" /><testcase classname="backend.tests.test_campus_chat_api.TestFriends" name="test_friend_request_flow" time="0.314" /><testcase classname="backend.tests.test_campus_chat_api.TestChats" name="test_groups_listed" time="0.127" /><testcase classname="backend.tests.test_campus_chat_api.TestChats" name="test_send_and_get_messages_lounge" time="0.145" /><testcase classname="backend.tests.test_campus_chat_api.TestChats" name="test_non_member_cannot_post" time="0.427" /><testcase classname="backend.tests.test_campus_chat_api.TestChats" name="test_dm_idempotent" time="0.133" /><testcase classname="backend.tests.test_campus_chat_api.TestChats" name="test_list_chats" time="0.094" /><testcase classname="backend.tests.test_campus_chat_api.TestWebSocket" name="test_ws_connect_and_receive_message" time="0.460" /><testcase classname="backend.tests.test_campus_chat_api.TestWebSocket" name="test_ws_invalid_token" time="0.140" /></testsuite></testsuites>