<?xml version="1.0" encoding="utf-8"?><testsuites name="pytest tests"><testsuite name="pytest" errors="0" failures="0" skipped="0" tests="43" time="17.511" timestamp="2026-06-27T12:03:56.577451+00:00" hostname="agent-env-f9a128f3-4c2c-455c-a1f8-e06f35fe1505"><testcase classname="backend.tests.test_campus_chat_api.TestHealth" name="test_root" time="0.207" /><testcase classname="backend.tests.test_campus_chat_api.TestHealth" name="test_colleges" time="0.102" /><testcase classname="backend.tests.test_campus_chat_api.TestAuth" name="test_signup_valid_upes" time="0.827" /><testcase classname="backend.tests.test_campus_chat_api.TestAuth" name="test_signup_invalid_domain" time="0.100" /><testcase classname="backend.tests.test_campus_chat_api.TestAuth" name="test_signup_duplicate" time="0.872" /><testcase classname="backend.tests.test_campus_chat_api.TestAuth" name="test_login_success" time="1.160" /><testcase classname="backend.tests.test_campus_chat_api.TestAuth" name="test_login_wrong_password" time="0.322" /><testcase classname="backend.tests.test_campus_chat_api.TestAuth" name="test_me_endpoint" time="0.098" /><testcase classname="backend.tests.test_campus_chat_api.TestAuth" name="test_me_no_token" time="0.103" /><testcase classname="backend.tests.test_campus_chat_api.TestProfile" name="test_update_profile" time="0.135" /><testcase classname="backend.tests.test_campus_chat_api.TestProfile" name="test_randomize_username" time="0.093" /><testcase classname="backend.tests.test_campus_chat_api.TestUserSearch" name="test_search_excludes_self" time="0.976" /><testcase classname="backend.tests.test_campus_chat_api.TestFriends" name="test_friend_request_flow" time="0.387" /><testcase classname="backend.tests.test_campus_chat_api.TestChats" name="test_groups_listed" time="0.099" /><testcase classname="backend.tests.test_campus_chat_api.TestChats" name="test_send_and_get_messages_lounge" time="0.242" /><testcase classname="backend.tests.test_campus_chat_api.TestChats" name="test_non_member_cannot_post" time="0.903" /><testcase classname="backend.tests.test_campus_chat_api.TestChats" name="test_dm_idempotent" time="0.145" /><testcase classname="backend.tests.test_campus_chat_api.TestChats" name="test_list_chats" time="0.103" /><testcase classname="backend.tests.test_campus_chat_api.TestWebSocket" name="test_ws_connect_and_receive_message" time="0.449" /><testcase classname="backend.tests.test_campus_chat_api.TestWebSocket" name="test_ws_invalid_token" time="0.152" /><testcase classname="backend.tests.test_confessions.TestConfessionCreate" name="test_create_basic" time="0.958" /><testcase classname="backend.tests.test_confessions.TestConfessionCreate" name="test_empty_content_422" time="0.104" /><testcase classname="backend.tests.test_confessions.TestConfessionCreate" name="test_invalid_mood_silently_nulled" time="0.120" /><testcase classname="backend.tests.test_confessions.TestConfessionCreate" name="test_unauthenticated_rejected" time="0.093" /><testcase classname="backend.tests.test_confessions.TestConfessionList" name="test_list_default_new_sort" time="0.194" /><testcase classname="backend.tests.test_confessions.TestConfessionList" name="test_list_hot_sort" time="1.100" /><testcase classname="backend.tests.test_confessions.TestConfessionList" name="test_college_scope" time="0.121" /><testcase classname="backend.tests.test_confessions.TestConfessionHeart" name="test_heart_toggle" time="0.202" /><testcase classname="backend.tests.test_confessions.TestConfessionHeart" name="test_heart_nonexistent" time="0.115" /><testcase classname="backend.tests.test_confessions.TestConfessionDelete" name="test_non_author_403" time="0.135" /><testcase classname="backend.tests.test_confessions.TestConfessionDelete" name="test_author_can_delete" time="0.232" /><testcase classname="backend.tests.test_otp_signup.TestRequestOtp" name="test_request_otp_valid_returns_dev_otp" time="0.329" /><testcase classname="backend.tests.test_otp_signup.TestRequestOtp" name="test_request_otp_rejects_non_upes_domain" time="0.094" /><testcase classname="backend.tests.test_otp_signup.TestRequestOtp" name="test_request_otp_cooldown_429" time="0.389" /><testcase classname="backend.tests.test_otp_signup.TestRequestOtp" name="test_request_otp_already_registered_email" time="0.891" /><testcase classname="backend.tests.test_otp_signup.TestSignupOtp" name="test_signup_without_otp_request_400" time="0.106" /><testcase classname="backend.tests.test_otp_signup.TestSignupOtp" name="test_signup_wrong_otp_400" time="0.581" /><testcase classname="backend.tests.test_otp_signup.TestSignupOtp" name="test_signup_correct_otp_returns_token_and_auto_joins_lounge" time="0.906" /><testcase classname="backend.tests.test_otp_signup.TestSignupOtp" name="test_signup_5_wrong_then_6th_too_many" time="1.852" /><testcase classname="backend.tests.test_otp_signup.TestSignupOtp" name="test_signup_non_upes_domain_rejected_even_with_otp_shape" time="0.129" /><testcase classname="backend.tests.test_otp_signup.TestPydanticValidation" name="test_signup_empty_otp_422" time="0.100" /><testcase classname="backend.tests.test_otp_signup.TestPydanticValidation" name="test_signup_5_char_otp_422" time="0.095" /><testcase classname="backend.tests.test_otp_signup.TestLoginUnchanged" name="test_login_no_otp_required" time="1.093" /></testsuite></testsuites>