<?xml version="1.0" encoding="utf-8"?><testsuites name="pytest tests"><testsuite name="pytest" errors="0" failures="1" skipped="0" tests="12" time="6.918" timestamp="2026-06-27T12:02:19.173512+00:00" hostname="agent-env-f9a128f3-4c2c-455c-a1f8-e06f35fe1505"><testcase classname="backend.tests.test_otp_signup.TestRequestOtp" name="test_request_otp_valid_returns_dev_otp" time="0.481" /><testcase classname="backend.tests.test_otp_signup.TestRequestOtp" name="test_request_otp_rejects_non_upes_domain" time="0.133" /><testcase classname="backend.tests.test_otp_signup.TestRequestOtp" name="test_request_otp_cooldown_429" time="0.397" /><testcase classname="backend.tests.test_otp_signup.TestRequestOtp" name="test_request_otp_already_registered_email" time="1.019" /><testcase classname="backend.tests.test_otp_signup.TestSignupOtp" name="test_signup_without_otp_request_400" time="0.095" /><testcase classname="backend.tests.test_otp_signup.TestSignupOtp" name="test_signup_wrong_otp_400" time="0.617" /><testcase classname="backend.tests.test_otp_signup.TestSignupOtp" name="test_signup_correct_otp_returns_token_and_auto_joins_lounge" time="0.847"><failure message="AssertionError: assert 'test_good_5f...4f@upes.ac.in' == 'TEST_good_5f...4f@upes.ac.in'&#10;  &#10;  - TEST_good_5fc26b544f@upes.ac.in&#10;  ? ^^^^&#10;  + test_good_5fc26b544f@upes.ac.in&#10;  ? ^^^^">backend/tests/test_otp_signup.py:119: in test_signup_correct_otp_returns_token_and_auto_joins_lounge
    assert b["user"]["email"] == email
E   AssertionError: assert 'test_good_5f...4f@upes.ac.in' == 'TEST_good_5f...4f@upes.ac.in'
E     
E     - TEST_good_5fc26b544f@upes.ac.in
E     ? ^^^^
E     + test_good_5fc26b544f@upes.ac.in
E     ? ^^^^</failure></testcase><testcase classname="backend.tests.test_otp_signup.TestSignupOtp" name="test_signup_5_wrong_then_6th_too_many" time="1.826" /><testcase classname="backend.tests.test_otp_signup.TestSignupOtp" name="test_signup_non_upes_domain_rejected_even_with_otp_shape" time="0.132" /><testcase classname="backend.tests.test_otp_signup.TestPydanticValidation" name="test_signup_empty_otp_422" time="0.105" /><testcase classname="backend.tests.test_otp_signup.TestPydanticValidation" name="test_signup_5_char_otp_422" time="0.132" /><testcase classname="backend.tests.test_otp_signup.TestLoginUnchanged" name="test_login_no_otp_required" time="1.076" /></testsuite></testsuites>