<?xml version="1.0" encoding="utf-8"?><testsuites name="pytest tests"><testsuite name="pytest" errors="0" failures="0" skipped="0" tests="11" time="2.607" timestamp="2026-06-27T10:21:01.215698+00:00" hostname="agent-env-f9a128f3-4c2c-455c-a1f8-e06f35fe1505"><testcase classname="backend.tests.test_confessions.TestConfessionCreate" name="test_create_basic" time="0.558" /><testcase classname="backend.tests.test_confessions.TestConfessionCreate" name="test_empty_content_422" time="0.135" /><testcase classname="backend.tests.test_confessions.TestConfessionCreate" name="test_invalid_mood_silently_nulled" time="0.131" /><testcase classname="backend.tests.test_confessions.TestConfessionCreate" name="test_unauthenticated_rejected" time="0.094" /><testcase classname="backend.tests.test_confessions.TestConfessionList" name="test_list_default_new_sort" time="0.187" /><testcase classname="backend.tests.test_confessions.TestConfessionList" name="test_list_hot_sort" time="0.573" /><testcase classname="backend.tests.test_confessions.TestConfessionList" name="test_college_scope" time="0.125" /><testcase classname="backend.tests.test_confessions.TestConfessionHeart" name="test_heart_toggle" time="0.214" /><testcase classname="backend.tests.test_confessions.TestConfessionHeart" name="test_heart_nonexistent" time="0.138" /><testcase classname="backend.tests.test_confessions.TestConfessionDelete" name="test_non_author_403" time="0.142" /><testcase classname="backend.tests.test_confessions.TestConfessionDelete" name="test_author_can_delete" time="0.270" /></testsuite></testsuites>